2022-08-11 21:01:31,219 [INFO ] [main          ] - User has entered the game
2022-08-11 21:01:31,221 [INFO ] [main          ] - User enter name
2022-08-11 21:01:35,242 [INFO ] [main          ] - The player chooses how much he will play
2022-08-11 21:01:39,156 [INFO ] [main          ] - The player has choose: 3 games
2022-08-11 21:01:39,156 [INFO ] [main          ] - The player chooses start game or not
2022-08-11 21:01:43,941 [INFO ] [main          ] - Player throw: Paper
2022-08-11 21:01:43,942 [INFO ] [main          ] - Computer throw: Rock
2022-08-11 21:01:43,946 [INFO ] [main          ] - Player Win
2022-08-11 21:01:43,954 [INFO ] [main          ] - Player has left: 2 rounds, and Player played: 1 rounds
2022-08-11 21:01:43,954 [INFO ] [main          ] - Player chooses he ill be playing again or not
2022-08-11 21:01:49,669 [INFO ] [main          ] - Player throw: Paper
2022-08-11 21:01:49,669 [INFO ] [main          ] - Computer throw: Paper
2022-08-11 21:01:49,669 [INFO ] [main          ] - ties
2022-08-11 21:01:49,670 [INFO ] [main          ] - Player has left: 1 rounds, and Player played: 2 rounds
2022-08-11 21:01:49,670 [INFO ] [main          ] - Player chooses he ill be playing again or not
2022-08-11 21:01:51,469 [INFO ] [main          ] - Player throw: Paper
2022-08-11 21:01:51,470 [INFO ] [main          ] - Computer throw: Rock
2022-08-11 21:01:51,470 [INFO ] [main          ] - Player Win
2022-08-11 21:01:51,470 [INFO ] [main          ] - Player has left: 0 rounds, and Player played: 3 rounds
2022-08-11 21:01:51,470 [INFO ] [main          ] - Player end game
2022-08-11 21:02:04,393 [INFO ] [main          ] - User has entered the game
2022-08-11 21:02:04,394 [INFO ] [main          ] - User enter name
2022-08-11 21:02:07,901 [INFO ] [main          ] - The player chooses how much he will play
2022-08-11 21:02:23,512 [INFO ] [main          ] - User has entered the game
2022-08-11 21:02:23,514 [INFO ] [main          ] - User enter name
2022-08-11 21:02:27,550 [INFO ] [main          ] - The player chooses how much he will play
2022-08-11 21:02:33,512 [INFO ] [main          ] - The player has choose: 3 games
2022-08-11 21:02:33,512 [INFO ] [main          ] - The player chooses start game or not
2022-08-11 21:02:46,029 [INFO ] [main          ] - User has entered the game
2022-08-11 21:02:46,031 [INFO ] [main          ] - User enter name
2022-08-11 21:02:49,635 [INFO ] [main          ] - The player chooses how much he will play
2022-08-11 21:02:56,945 [INFO ] [main          ] - The player has choose: 3 games
2022-08-11 21:02:56,945 [INFO ] [main          ] - The player chooses start game or not
2022-08-11 21:03:00,696 [INFO ] [main          ] - Player throw: Paper
2022-08-11 21:03:00,696 [INFO ] [main          ] - Computer throw: Scissors
2022-08-11 21:03:00,697 [INFO ] [main          ] - Computer Win
2022-08-11 21:03:00,707 [INFO ] [main          ] - Player has left: 2 rounds, and Player played: 1 rounds
2022-08-11 21:03:00,708 [INFO ] [main          ] - Player chooses he ill be playing again or not
2022-08-11 21:03:03,780 [INFO ] [main          ] - Player throw: Paper
2022-08-11 21:03:03,781 [INFO ] [main          ] - Computer throw: Paper
2022-08-11 21:03:03,781 [INFO ] [main          ] - ties
2022-08-11 21:03:03,781 [INFO ] [main          ] - Player has left: 1 rounds, and Player played: 2 rounds
2022-08-11 21:03:03,781 [INFO ] [main          ] - Player chooses he ill be playing again or not
2022-08-11 21:03:05,411 [INFO ] [main          ] - Player throw: Paper
2022-08-11 21:03:05,411 [INFO ] [main          ] - Computer throw: Paper
2022-08-11 21:03:05,411 [INFO ] [main          ] - ties
2022-08-11 21:03:05,412 [INFO ] [main          ] - Player has left: 0 rounds, and Player played: 3 rounds
2022-08-11 21:03:05,412 [INFO ] [main          ] - Player end game
